============================================================
  UiTM ECR Course Monitor
  Run at     : 2026-04-01 11:04:49
  Student    : 2023630358
  Courses    : ICT600 (NBCS2406A), MAT415 (NBCS2406A)
  Headless   : True
============================================================
Navigating to login page...
[OK] Login successful!
  Finding page for ICT600... found.
  [ICT600] Checking slots... all full.
  Finding page for MAT415... found.
  [MAT415] Checking slots... all full.
  Status: ICT600: all full | MAT415: all full

Done. Script will be re-run by Task Scheduler in 10 min.
============================================================
  UiTM ECR Course Monitor
  Run at     : 2026-04-01 11:05:50
  Student    : 2023630358
  Courses    : ICT600 (NBCS2406A), MAT415 (NBCS2406A)
  Headless   : True
============================================================
Navigating to login page...
[OK] Login successful!
  Finding page for ICT600... found.
  [ICT600] Checking slots... all full.
  Finding page for MAT415... found.
  [MAT415] Checking slots... all full.
  Status: ICT600: all full | MAT415: all full

Done. Script will be re-run by Task Scheduler in 10 min.
============================================================
  UiTM ECR Course Monitor
  Run at     : 2026-04-01 11:06:50
  Student    : 2023630358
  Courses    : ICT600 (NBCS2406A), MAT415 (NBCS2406A)
  Headless   : True
============================================================
Navigating to login page...
[OK] Login successful!
  Finding page for ICT600... found.
  [ICT600] Checking slots... all full.
  Finding page for MAT415... found.
  [MAT415] Checking slots... all full.
  Status: ICT600: all full | MAT415: all full

Done. Script will be re-run by Task Scheduler in 10 min.
============================================================
  UiTM ECR Course Monitor
  Run at     : 2026-04-01 11:07:50
  Student    : 2023630358
  Courses    : ICT600 (NBCS2406A), MAT415 (NBCS2406A)
  Headless   : True
============================================================
Navigating to login page...
[OK] Login successful!
  Finding page for ICT600... found.
  [ICT600] Checking slots... all full.
  Finding page for MAT415... found.
  [MAT415] Checking slots... all full.
  Status: ICT600: all full | MAT415: all full

Done. Script will be re-run by Task Scheduler in 10 min.
============================================================
  UiTM ECR Course Monitor
  Run at     : 2026-04-01 11:08:50
  Student    : 2023630358
  Courses    : ICT600 (NBCS2406A), MAT415 (NBCS2406A)
  Headless   : True
============================================================
Navigating to login page...
[OK] Login successful!
  Finding page for ICT600... found.
  [ICT600] Checking slots... all full.
  Finding page for MAT415... found.
  [MAT415] Checking slots... all full.
  Status: ICT600: all full | MAT415: all full

Done. Script will be re-run by Task Scheduler in 10 min.
============================================================
  UiTM ECR Course Monitor
  Run at     : 2026-04-01 11:09:50
  Student    : 2023630358
  Courses    : ICT600 (NBCS2406A), MAT415 (NBCS2406A)
  Headless   : True
============================================================
Navigating to login page...
[OK] Login successful!
  Finding page for ICT600... found.
  [ICT600] Checking slots... all full.
  Finding page for MAT415... found.
  [MAT415] Checking slots... all full.
  Status: ICT600: all full | MAT415: all full

Done. Script will be re-run by Task Scheduler in 10 min.
^C============================================================
  UiTM ECR Course Monitor
  Run at     : 2026-04-01 11:10:50
  Student    : 2023630358
  Courses    : ICT600 (NBCS2406A), MAT415 (NBCS2406A)
  Headless   : True
============================================================
Navigating to login page...
============================================================
  UiTM ECR Course Monitor
  Run at     : 2026-04-01 12:04:50
  Student    : 2023630358
  Courses    : ICT600 (NBCS2406A), MAT415 (NBCS2406A), CSP600 (NBCS2409A)
  Headless   : True
============================================================
Navigating to login page...
[OK] Login successful!
  Finding page for ICT600... found.
  [ICT600] Checking slots... all full.
  Finding page for MAT415... found.
  [MAT415] Checking slots... all full.
  Finding page for CSP600... found.
  [CSP600] Checking slots... 1 group(s) available!

============================================================
  *** SLOT AVAILABLE FOR CSP600! GO REGISTER NOW! ***
============================================================
  Group: NBCS2409A  |  24/30 filled  |  6 slot(s) left

  Open this in your browser NOW:
  https://ecr.uitm.edu.my/estudent/ecr/01_cr_register_select.cfm?key1=0C4D2DE8DF88D90BCD&key2=37B2D7C5CBCBDDEA05
============================================================

  Status: ICT600: all full | MAT415: all full | CSP600: 6 slot(s) open!

Done. Script will be re-run by Task Scheduler in 10 min.
============================================================
  UiTM ECR Course Monitor
  Run at     : 2026-04-01 12:14:45
  Student    : 2023630358
  Courses    : ICT600 (NBCS2406A), MAT415 (NBCS2406A), CSP600 (NBCS2409A)
  Headless   : True
============================================================
Navigating to login page...
[OK] Login successful!
  Finding page for ICT600... found.
  [ICT600] Checking slots... all full.
  Finding page for MAT415... found.
  [MAT415] Checking slots... all full.
  Finding page for CSP600... found.
  [CSP600] Checking slots... 1 group(s) available!

============================================================
  *** SLOT AVAILABLE FOR CSP600! GO REGISTER NOW! ***
============================================================
  Group: NBCS2409A  |  24/30 filled  |  6 slot(s) left

  Open this in your browser NOW:
  https://ecr.uitm.edu.my/estudent/ecr/01_cr_register_select.cfm?key1=0C4D2DE8DF88D90BCD&key2=37B2D7C5CBCBDDEA05
============================================================

  Status: ICT600: all full | MAT415: all full | CSP600: 6 slot(s) open!

Done. Script will be re-run by Task Scheduler in 10 min.
============================================================
  UiTM ECR Course Monitor
  Run at     : 2026-04-01 12:24:45
  Student    : 2023630358
  Courses    : ICT600 (NBCS2406A), MAT415 (NBCS2406A), CSP600 (NBCS2409A)
  Headless   : True
============================================================
Navigating to login page...
[OK] Login successful!
  Finding page for ICT600... found.
  [ICT600] Checking slots... all full.
  Finding page for MAT415... found.
  [MAT415] Checking slots... all full.
  Finding page for CSP600... found.
  [CSP600] Checking slots... 1 group(s) available!

============================================================
  *** SLOT AVAILABLE FOR CSP600! GO REGISTER NOW! ***
============================================================
  Group: NBCS2409A  |  24/30 filled  |  6 slot(s) left

  Open this in your browser NOW:
  https://ecr.uitm.edu.my/estudent/ecr/01_cr_register_select.cfm?key1=0C4D2DE8DF88D90BCD&key2=37B2D7C5CBCBDDEA05
============================================================

  Status: ICT600: all full | MAT415: all full | CSP600: 6 slot(s) open!

Done. Script will be re-run by Task Scheduler in 10 min.
============================================================
  UiTM ECR Course Monitor
  Run at     : 2026-04-01 12:34:45
  Student    : 2023630358
  Courses    : ICT600 (NBCS2406A), MAT415 (NBCS2406A), CSP600 (NBCS2409A)
  Headless   : True
============================================================
Navigating to login page...
[OK] Login successful!
  Finding page for ICT600... found.
  [ICT600] Checking slots... all full.
  Finding page for MAT415... found.
  [MAT415] Checking slots... all full.
  Finding page for CSP600... found.
  [CSP600] Checking slots... 1 group(s) available!

============================================================
  *** SLOT AVAILABLE FOR CSP600! GO REGISTER NOW! ***
============================================================
  Group: NBCS2409A  |  24/30 filled  |  6 slot(s) left

  Open this in your browser NOW:
  https://ecr.uitm.edu.my/estudent/ecr/01_cr_register_select.cfm?key1=0C4D2DE8DF88D90BCD&key2=37B2D7C5CBCBDDEA05
============================================================

  Status: ICT600: all full | MAT415: all full | CSP600: 6 slot(s) open!

Done. Script will be re-run by Task Scheduler in 10 min.
============================================================
  UiTM ECR Course Monitor
  Run at     : 2026-04-01 12:44:45
  Student    : 2023630358
  Courses    : ICT600 (NBCS2406A), MAT415 (NBCS2406A), CSP600 (NBCS2409A)
  Headless   : True
============================================================
Navigating to login page...
[OK] Login successful!
  Finding page for ICT600... found.
  [ICT600] Checking slots... all full.
  Finding page for MAT415... found.
  [MAT415] Checking slots... all full.
  Finding page for CSP600... found.
  [CSP600] Checking slots... 1 group(s) available!

============================================================
  *** SLOT AVAILABLE FOR CSP600! GO REGISTER NOW! ***
============================================================
  Group: NBCS2409A  |  24/30 filled  |  6 slot(s) left

  Open this in your browser NOW:
  https://ecr.uitm.edu.my/estudent/ecr/01_cr_register_select.cfm?key1=0C4D2DE8DF88D90BCD&key2=37B2D7C5CBCBDDEA05
============================================================

  Status: ICT600: all full | MAT415: all full | CSP600: 6 slot(s) open!

Done. Script will be re-run by Task Scheduler in 10 min.
============================================================
  UiTM ECR Course Monitor
  Run at     : 2026-04-01 12:54:45
  Student    : 2023630358
  Courses    : ICT600 (NBCS2406A), MAT415 (NBCS2406A), CSP600 (NBCS2409A)
  Headless   : True
============================================================
Navigating to login page...
[OK] Login successful!
  Finding page for ICT600... found.
  [ICT600] Checking slots... all full.
  Finding page for MAT415... found.
  [MAT415] Checking slots... all full.
  Finding page for CSP600... found.
  [CSP600] Checking slots... 1 group(s) available!

============================================================
  *** SLOT AVAILABLE FOR CSP600! GO REGISTER NOW! ***
============================================================
  Group: NBCS2409A  |  24/30 filled  |  6 slot(s) left

  Open this in your browser NOW:
  https://ecr.uitm.edu.my/estudent/ecr/01_cr_register_select.cfm?key1=0C4D2DE8DF88D90BCD&key2=37B2D7C5CBCBDDEA05
============================================================

  Status: ICT600: all full | MAT415: all full | CSP600: 6 slot(s) open!

Done. Script will be re-run by Task Scheduler in 10 min.
============================================================
  UiTM ECR Course Monitor
  Run at     : 2026-04-01 13:04:45
  Student    : 2023630358
  Courses    : ICT600 (NBCS2406A), MAT415 (NBCS2406A), CSP600 (NBCS2409A)
  Headless   : True
============================================================
Navigating to login page...
[OK] Login successful!
  Finding page for ICT600... found.
  [ICT600] Checking slots... all full.
  Finding page for MAT415... found.
  [MAT415] Checking slots... all full.
  Finding page for CSP600... found.
  [CSP600] Checking slots... 1 group(s) available!

============================================================
  *** SLOT AVAILABLE FOR CSP600! GO REGISTER NOW! ***
============================================================
  Group: NBCS2409A  |  24/30 filled  |  6 slot(s) left

  Open this in your browser NOW:
  https://ecr.uitm.edu.my/estudent/ecr/01_cr_register_select.cfm?key1=0C4D2DE8DF88D90BCD&key2=37B2D7C5CBCBDDEA05
============================================================

  Status: ICT600: all full | MAT415: all full | CSP600: 6 slot(s) open!

Done. Script will be re-run by Task Scheduler in 10 min.
============================================================
  UiTM ECR Course Monitor
  Run at     : 2026-04-01 13:14:45
  Student    : 2023630358
  Courses    : ICT600 (NBCS2406A), MAT415 (NBCS2406A), CSP600 (NBCS2409A)
  Headless   : True
============================================================
Navigating to login page...
[OK] Login successful!
  Finding page for ICT600... found.
  [ICT600] Checking slots... all full.
  Finding page for MAT415... found.
  [MAT415] Checking slots... all full.
  Finding page for CSP600... found.
  [CSP600] Checking slots... 1 group(s) available!

============================================================
  *** SLOT AVAILABLE FOR CSP600! GO REGISTER NOW! ***
============================================================
  Group: NBCS2409A  |  24/30 filled  |  6 slot(s) left

  Open this in your browser NOW:
  https://ecr.uitm.edu.my/estudent/ecr/01_cr_register_select.cfm?key1=0C4D2DE8DF88D90BCD&key2=37B2D7C5CBCBDDEA05
============================================================

  Status: ICT600: all full | MAT415: all full | CSP600: 6 slot(s) open!

Done. Script will be re-run by Task Scheduler in 10 min.
============================================================
  UiTM ECR Course Monitor
  Run at     : 2026-04-01 13:24:45
  Student    : 2023630358
  Courses    : ICT600 (NBCS2406A), MAT415 (NBCS2406A), CSP600 (NBCS2409A)
  Headless   : True
============================================================
Navigating to login page...
[OK] Login successful!
  Finding page for ICT600... found.
  [ICT600] Checking slots... all full.
  Finding page for MAT415... found.
  [MAT415] Checking slots... all full.
  Finding page for CSP600... found.
  [CSP600] Checking slots... 1 group(s) available!

============================================================
  *** SLOT AVAILABLE FOR CSP600! GO REGISTER NOW! ***
============================================================
  Group: NBCS2409A  |  24/30 filled  |  6 slot(s) left

  Open this in your browser NOW:
  https://ecr.uitm.edu.my/estudent/ecr/01_cr_register_select.cfm?key1=0C4D2DE8DF88D90BCD&key2=37B2D7C5CBCBDDEA05
============================================================

  Status: ICT600: all full | MAT415: all full | CSP600: 6 slot(s) open!

Done. Script will be re-run by Task Scheduler in 10 min.
============================================================
  UiTM ECR Course Monitor
  Run at     : 2026-04-01 13:34:45
  Student    : 2023630358
  Courses    : ICT600 (NBCS2406A), MAT415 (NBCS2406A), CSP600 (NBCS2409A)
  Headless   : True
============================================================
Navigating to login page...
[OK] Login successful!
  Finding page for ICT600... found.
  [ICT600] Checking slots... all full.
  Finding page for MAT415... found.
  [MAT415] Checking slots... all full.
  Finding page for CSP600... found.
  [CSP600] Checking slots... 1 group(s) available!

============================================================
  *** SLOT AVAILABLE FOR CSP600! GO REGISTER NOW! ***
============================================================
  Group: NBCS2409A  |  24/30 filled  |  6 slot(s) left

  Open this in your browser NOW:
  https://ecr.uitm.edu.my/estudent/ecr/01_cr_register_select.cfm?key1=0C4D2DE8DF88D90BCD&key2=37B2D7C5CBCBDDEA05
============================================================

  Status: ICT600: all full | MAT415: all full | CSP600: 6 slot(s) open!

Done. Script will be re-run by Task Scheduler in 10 min.
============================================================
  UiTM ECR Course Monitor
  Run at     : 2026-04-01 13:44:45
  Student    : 2023630358
  Courses    : ICT600 (NBCS2406A), MAT415 (NBCS2406A), CSP600 (NBCS2409A)
  Headless   : True
============================================================
Navigating to login page...
[OK] Login successful!
  Finding page for ICT600... found.
  [ICT600] Checking slots... all full.
  Finding page for MAT415... found.
  [MAT415] Checking slots... all full.
  Finding page for CSP600... found.
  [CSP600] Checking slots... 1 group(s) available!

============================================================
  *** SLOT AVAILABLE FOR CSP600! GO REGISTER NOW! ***
============================================================
  Group: NBCS2409A  |  24/30 filled  |  6 slot(s) left

  Open this in your browser NOW:
  https://ecr.uitm.edu.my/estudent/ecr/01_cr_register_select.cfm?key1=0C4D2DE8DF88D90BCD&key2=37B2D7C5CBCBDDEA05
============================================================

  Status: ICT600: all full | MAT415: all full | CSP600: 6 slot(s) open!

Done. Script will be re-run by Task Scheduler in 10 min.
============================================================
  UiTM ECR Course Monitor
  Run at     : 2026-04-01 13:54:45
  Student    : 2023630358
  Courses    : ICT600 (NBCS2406A), MAT415 (NBCS2406A), CSP600 (NBCS2409A)
  Headless   : True
============================================================
Navigating to login page...
[OK] Login successful!
  Finding page for ICT600... found.
  [ICT600] Checking slots... all full.
  Finding page for MAT415... found.
  [MAT415] Checking slots... all full.
  Finding page for CSP600... found.
  [CSP600] Checking slots... 1 group(s) available!

============================================================
  *** SLOT AVAILABLE FOR CSP600! GO REGISTER NOW! ***
============================================================
  Group: NBCS2409A  |  24/30 filled  |  6 slot(s) left

  Open this in your browser NOW:
  https://ecr.uitm.edu.my/estudent/ecr/01_cr_register_select.cfm?key1=0C4D2DE8DF88D90BCD&key2=37B2D7C5CBCBDDEA05
============================================================

  Status: ICT600: all full | MAT415: all full | CSP600: 6 slot(s) open!

Done. Script will be re-run by Task Scheduler in 10 min.
============================================================
  UiTM ECR Course Monitor
  Run at     : 2026-04-01 14:04:45
  Student    : 2023630358
  Courses    : ICT600 (NBCS2406A), MAT415 (NBCS2406A), CSP600 (NBCS2409A)
  Headless   : True
============================================================
Navigating to login page...
[OK] Login successful!
  Finding page for ICT600... found.
  [ICT600] Checking slots... all full.
  Finding page for MAT415... found.
  [MAT415] Checking slots... all full.
  Finding page for CSP600... found.
  [CSP600] Checking slots... 1 group(s) available!

============================================================
  *** SLOT AVAILABLE FOR CSP600! GO REGISTER NOW! ***
============================================================
  Group: NBCS2409A  |  24/30 filled  |  6 slot(s) left

  Open this in your browser NOW:
  https://ecr.uitm.edu.my/estudent/ecr/01_cr_register_select.cfm?key1=0C4D2DE8DF88D90BCD&key2=37B2D7C5CBCBDDEA05
============================================================

  Status: ICT600: all full | MAT415: all full | CSP600: 6 slot(s) open!

Done. Script will be re-run by Task Scheduler in 10 min.
============================================================
  UiTM ECR Course Monitor
  Run at     : 2026-04-01 14:14:45
  Student    : 2023630358
  Courses    : ICT600 (NBCS2406A), MAT415 (NBCS2406A), CSP600 (NBCS2409A)
  Headless   : True
============================================================
Navigating to login page...
[OK] Login successful!
  Finding page for ICT600... found.
  [ICT600] Checking slots... all full.
  Finding page for MAT415... found.
  [MAT415] Checking slots... all full.
  Finding page for CSP600... found.
  [CSP600] Checking slots... 1 group(s) available!

============================================================
  *** SLOT AVAILABLE FOR CSP600! GO REGISTER NOW! ***
============================================================
  Group: NBCS2409A  |  24/30 filled  |  6 slot(s) left

  Open this in your browser NOW:
  https://ecr.uitm.edu.my/estudent/ecr/01_cr_register_select.cfm?key1=0C4D2DE8DF88D90BCD&key2=37B2D7C5CBCBDDEA05
============================================================

  Status: ICT600: all full | MAT415: all full | CSP600: 6 slot(s) open!

Done. Script will be re-run by Task Scheduler in 10 min.
============================================================
  UiTM ECR Course Monitor
  Run at     : 2026-04-01 14:24:45
  Student    : 2023630358
  Courses    : ICT600 (NBCS2406A), MAT415 (NBCS2406A), CSP600 (NBCS2409A)
  Headless   : True
============================================================
Navigating to login page...
[OK] Login successful!
  Finding page for ICT600... found.
  [ICT600] Checking slots... all full.
  Finding page for MAT415... found.
  [MAT415] Checking slots... all full.
  Finding page for CSP600... found.
  [CSP600] Checking slots... 1 group(s) available!

============================================================
  *** SLOT AVAILABLE FOR CSP600! GO REGISTER NOW! ***
============================================================
  Group: NBCS2409A  |  24/30 filled  |  6 slot(s) left

  Open this in your browser NOW:
  https://ecr.uitm.edu.my/estudent/ecr/01_cr_register_select.cfm?key1=0C4D2DE8DF88D90BCD&key2=37B2D7C5CBCBDDEA05
============================================================

  Status: ICT600: all full | MAT415: all full | CSP600: 6 slot(s) open!

Done. Script will be re-run by Task Scheduler in 10 min.
============================================================
  UiTM ECR Course Monitor
  Run at     : 2026-04-01 14:34:45
  Student    : 2023630358
  Courses    : ICT600 (NBCS2406A), MAT415 (NBCS2406A), CSP600 (NBCS2409A)
  Headless   : True
============================================================
Navigating to login page...
[OK] Login successful!
  Finding page for ICT600... found.
  [ICT600] Checking slots... all full.
  Finding page for MAT415... found.
  [MAT415] Checking slots... all full.
  Finding page for CSP600... found.
  [CSP600] Checking slots... 1 group(s) available!

============================================================
  *** SLOT AVAILABLE FOR CSP600! GO REGISTER NOW! ***
============================================================
  Group: NBCS2409A  |  24/30 filled  |  6 slot(s) left

  Open this in your browser NOW:
  https://ecr.uitm.edu.my/estudent/ecr/01_cr_register_select.cfm?key1=0C4D2DE8DF88D90BCD&key2=37B2D7C5CBCBDDEA05
============================================================

  Status: ICT600: all full | MAT415: all full | CSP600: 6 slot(s) open!

Done. Script will be re-run by Task Scheduler in 10 min.
============================================================
  UiTM ECR Course Monitor
  Run at     : 2026-04-01 14:44:45
  Student    : 2023630358
  Courses    : ICT600 (NBCS2406A), MAT415 (NBCS2406A), CSP600 (NBCS2409A)
  Headless   : True
============================================================
Navigating to login page...
[OK] Login successful!
  Finding page for ICT600... found.
  [ICT600] Checking slots... all full.
  Finding page for MAT415... found.
  [MAT415] Checking slots... all full.
  Finding page for CSP600... found.
  [CSP600] Checking slots... 1 group(s) available!

============================================================
  *** SLOT AVAILABLE FOR CSP600! GO REGISTER NOW! ***
============================================================
  Group: NBCS2409A  |  24/30 filled  |  6 slot(s) left

  Open this in your browser NOW:
  https://ecr.uitm.edu.my/estudent/ecr/01_cr_register_select.cfm?key1=0C4D2DE8DF88D90BCD&key2=37B2D7C5CBCBDDEA05
============================================================

  Status: ICT600: all full | MAT415: all full | CSP600: 6 slot(s) open!

Done. Script will be re-run by Task Scheduler in 10 min.
============================================================
  UiTM ECR Course Monitor
  Run at     : 2026-04-01 14:54:45
  Student    : 2023630358
  Courses    : ICT600 (NBCS2406A), MAT415 (NBCS2406A), CSP600 (NBCS2409A)
  Headless   : True
============================================================
Navigating to login page...
[OK] Login successful!
  Finding page for ICT600... found.
  [ICT600] Checking slots... all full.
  Finding page for MAT415... found.
  [MAT415] Checking slots... all full.
  Finding page for CSP600... found.
  [CSP600] Checking slots... 1 group(s) available!

============================================================
  *** SLOT AVAILABLE FOR CSP600! GO REGISTER NOW! ***
============================================================
  Group: NBCS2409A  |  24/30 filled  |  6 slot(s) left

  Open this in your browser NOW:
  https://ecr.uitm.edu.my/estudent/ecr/01_cr_register_select.cfm?key1=0C4D2DE8DF88D90BCD&key2=37B2D7C5CBCBDDEA05
============================================================

  Status: ICT600: all full | MAT415: all full | CSP600: 6 slot(s) open!

Done. Script will be re-run by Task Scheduler in 10 min.
============================================================
  UiTM ECR Course Monitor
  Run at     : 2026-04-01 15:04:45
  Student    : 2023630358
  Courses    : ICT600 (NBCS2406A), MAT415 (NBCS2406A), CSP600 (NBCS2409A)
  Headless   : True
============================================================
Navigating to login page...
[OK] Login successful!
  Finding page for ICT600... found.
  [ICT600] Checking slots... all full.
  Finding page for MAT415... found.
  [MAT415] Checking slots... all full.
  Finding page for CSP600... found.
  [CSP600] Checking slots... 1 group(s) available!

============================================================
  *** SLOT AVAILABLE FOR CSP600! GO REGISTER NOW! ***
============================================================
  Group: NBCS2409A  |  24/30 filled  |  6 slot(s) left

  Open this in your browser NOW:
  https://ecr.uitm.edu.my/estudent/ecr/01_cr_register_select.cfm?key1=0C4D2DE8DF88D90BCD&key2=37B2D7C5CBCBDDEA05
============================================================

  Status: ICT600: all full | MAT415: all full | CSP600: 6 slot(s) open!

Done. Script will be re-run by Task Scheduler in 10 min.
============================================================
  UiTM ECR Course Monitor
  Run at     : 2026-04-01 15:14:45
  Student    : 2023630358
  Courses    : ICT600 (NBCS2406A), MAT415 (NBCS2406A), CSP600 (NBCS2409A)
  Headless   : True
============================================================
Navigating to login page...
[OK] Login successful!
  Finding page for ICT600... found.
  [ICT600] Checking slots... all full.
  Finding page for MAT415... found.
  [MAT415] Checking slots... all full.
  Finding page for CSP600... found.
  [CSP600] Checking slots... 1 group(s) available!

============================================================
  *** SLOT AVAILABLE FOR CSP600! GO REGISTER NOW! ***
============================================================
  Group: NBCS2409A  |  24/30 filled  |  6 slot(s) left

  Open this in your browser NOW:
  https://ecr.uitm.edu.my/estudent/ecr/01_cr_register_select.cfm?key1=0C4D2DE8DF88D90BCD&key2=37B2D7C5CBCBDDEA05
============================================================

  Status: ICT600: all full | MAT415: all full | CSP600: 6 slot(s) open!

Done. Script will be re-run by Task Scheduler in 10 min.
============================================================
  UiTM ECR Course Monitor
  Run at     : 2026-04-01 15:24:45
  Student    : 2023630358
  Courses    : ICT600 (NBCS2406A), MAT415 (NBCS2406A), CSP600 (NBCS2409A)
  Headless   : True
============================================================
Navigating to login page...
[OK] Login successful!
  Finding page for ICT600... found.
  [ICT600] Checking slots... all full.
  Finding page for MAT415... found.
  [MAT415] Checking slots... all full.
  Finding page for CSP600... found.
  [CSP600] Checking slots... 1 group(s) available!

============================================================
  *** SLOT AVAILABLE FOR CSP600! GO REGISTER NOW! ***
============================================================
  Group: NBCS2409A  |  24/30 filled  |  6 slot(s) left

  Open this in your browser NOW:
  https://ecr.uitm.edu.my/estudent/ecr/01_cr_register_select.cfm?key1=0C4D2DE8DF88D90BCD&key2=37B2D7C5CBCBDDEA05
============================================================

  Status: ICT600: all full | MAT415: all full | CSP600: 6 slot(s) open!

Done. Script will be re-run by Task Scheduler in 10 min.
============================================================
  UiTM ECR Course Monitor
  Run at     : 2026-04-01 15:34:46
  Student    : 2023630358
  Courses    : ICT600 (NBCS2406A), MAT415 (NBCS2406A), CSP600 (NBCS2409A)
  Headless   : True
============================================================
Navigating to login page...
[OK] Login successful!
  Finding page for ICT600... found.
  [ICT600] Checking slots... all full.
  Finding page for MAT415... found.
  [MAT415] Checking slots... all full.
  Finding page for CSP600... found.
  [CSP600] Checking slots... 1 group(s) available!

============================================================
  *** SLOT AVAILABLE FOR CSP600! GO REGISTER NOW! ***
============================================================
  Group: NBCS2409A  |  24/30 filled  |  6 slot(s) left

  Open this in your browser NOW:
  https://ecr.uitm.edu.my/estudent/ecr/01_cr_register_select.cfm?key1=0C4D2DE8DF88D90BCD&key2=37B2D7C5CBCBDDEA05
============================================================

  Status: ICT600: all full | MAT415: all full | CSP600: 6 slot(s) open!

Done. Script will be re-run by Task Scheduler in 10 min.
============================================================
  UiTM ECR Course Monitor
  Run at     : 2026-04-01 15:44:45
  Student    : 2023630358
  Courses    : ICT600 (NBCS2406A), MAT415 (NBCS2406A), CSP600 (NBCS2409A)
  Headless   : True
============================================================
Navigating to login page...
[OK] Login successful!
  Finding page for ICT600... Timeout loading register page.
  [ICT600] Could not resolve URL, skipping.
  Finding page for MAT415... 
[WARN] Could not find course MAT415 on the register page.
  [MAT415] Could not resolve URL, skipping.
  Finding page for CSP600... 
[WARN] Could not find course CSP600 on the register page.
  [CSP600] Could not resolve URL, skipping.
  Status: ICT600: error | MAT415: error | CSP600: error

Done. Script will be re-run by Task Scheduler in 10 min.
============================================================
  UiTM ECR Course Monitor
  Run at     : 2026-04-01 15:54:45
  Student    : 2023630358
  Courses    : ICT600 (NBCS2406A), MAT415 (NBCS2406A), CSP600 (NBCS2409A)
  Headless   : True
============================================================
Navigating to login page...
[OK] Login successful!
  Finding page for ICT600... found.
  [ICT600] Checking slots... all full.
  Finding page for MAT415... found.
  [MAT415] Checking slots... all full.
  Finding page for CSP600... found.
  [CSP600] Checking slots... 1 group(s) available!

============================================================
  *** SLOT AVAILABLE FOR CSP600! GO REGISTER NOW! ***
============================================================
  Group: NBCS2409A  |  24/30 filled  |  6 slot(s) left

  Open this in your browser NOW:
  https://ecr.uitm.edu.my/estudent/ecr/01_cr_register_select.cfm?key1=0C4D2DE8DF88D90BCD&key2=37B2D7C5CBCBDDEA05
============================================================

  Status: ICT600: all full | MAT415: all full | CSP600: 6 slot(s) open!

Done. Script will be re-run by Task Scheduler in 10 min.
============================================================
  UiTM ECR Course Monitor
  Run at     : 2026-04-01 16:04:45
  Student    : 2023630358
  Courses    : ICT600 (NBCS2406A), MAT415 (NBCS2406A), CSP600 (NBCS2409A)
  Headless   : True
============================================================
Navigating to login page...
[OK] Login successful!
  Finding page for ICT600... found.
  [ICT600] Checking slots... all full.
  Finding page for MAT415... found.
  [MAT415] Checking slots... all full.
  Finding page for CSP600... found.
  [CSP600] Checking slots... 1 group(s) available!

============================================================
  *** SLOT AVAILABLE FOR CSP600! GO REGISTER NOW! ***
============================================================
  Group: NBCS2409A  |  24/30 filled  |  6 slot(s) left

  Open this in your browser NOW:
  https://ecr.uitm.edu.my/estudent/ecr/01_cr_register_select.cfm?key1=0C4D2DE8DF88D90BCD&key2=37B2D7C5CBCBDDEA05
============================================================

  Status: ICT600: all full | MAT415: all full | CSP600: 6 slot(s) open!

Done. Script will be re-run by Task Scheduler in 10 min.
============================================================
  UiTM ECR Course Monitor
  Run at     : 2026-04-01 16:14:45
  Student    : 2023630358
  Courses    : ICT600 (NBCS2406A), MAT415 (NBCS2406A), CSP600 (NBCS2409A)
  Headless   : True
============================================================
Navigating to login page...
[ERROR] Login failed. Final URL: https://ecr.uitm.edu.my/estudent/ecr/main.cfm?status=1
============================================================
  UiTM ECR Course Monitor
  Run at     : 2026-04-01 16:24:46
  Student    : 2023630358
  Courses    : ICT600 (NBCS2406A), MAT415 (NBCS2406A), CSP600 (NBCS2409A)
  Headless   : True
============================================================
Navigating to login page...
[OK] Login successful!
  Finding page for ICT600... found.
  [ICT600] Checking slots... all full.
  Finding page for MAT415... found.
  [MAT415] Checking slots... all full.
  Finding page for CSP600... found.
  [CSP600] Checking slots... 1 group(s) available!

============================================================
  *** SLOT AVAILABLE FOR CSP600! GO REGISTER NOW! ***
============================================================
  Group: NBCS2409A  |  24/30 filled  |  6 slot(s) left

  Open this in your browser NOW:
  https://ecr.uitm.edu.my/estudent/ecr/01_cr_register_select.cfm?key1=0C4D2DE8DF88D90BCD&key2=37B2D7C5CBCBDDEA05
============================================================

  Status: ICT600: all full | MAT415: all full | CSP600: 6 slot(s) open!

Done. Script will be re-run by Task Scheduler in 10 min.
============================================================
  UiTM ECR Course Monitor
  Run at     : 2026-04-01 16:34:45
  Student    : 2023630358
  Courses    : ICT600 (NBCS2406A), MAT415 (NBCS2406A), CSP600 (NBCS2409A)
  Headless   : True
============================================================
Navigating to login page...
[OK] Login successful!
  Finding page for ICT600... found.
  [ICT600] Checking slots... all full.
  Finding page for MAT415... found.
  [MAT415] Checking slots... all full.
  Finding page for CSP600... found.
  [CSP600] Checking slots... 1 group(s) available!

============================================================
  *** SLOT AVAILABLE FOR CSP600! GO REGISTER NOW! ***
============================================================
  Group: NBCS2409A  |  24/30 filled  |  6 slot(s) left

  Open this in your browser NOW:
  https://ecr.uitm.edu.my/estudent/ecr/01_cr_register_select.cfm?key1=0C4D2DE8DF88D90BCD&key2=37B2D7C5CBCBDDEA05
============================================================

  Status: ICT600: all full | MAT415: all full | CSP600: 6 slot(s) open!

Done. Script will be re-run by Task Scheduler in 10 min.
============================================================
  UiTM ECR Course Monitor
  Run at     : 2026-04-01 16:44:45
  Student    : 2023630358
  Courses    : ICT600 (NBCS2406A), MAT415 (NBCS2406A), CSP600 (NBCS2409A)
  Headless   : True
============================================================
Navigating to login page...
[OK] Login successful!
  Finding page for ICT600... found.
  [ICT600] Checking slots... all full.
  Finding page for MAT415... found.
  [MAT415] Checking slots... all full.
  Finding page for CSP600... found.
  [CSP600] Checking slots... 1 group(s) available!

============================================================
  *** SLOT AVAILABLE FOR CSP600! GO REGISTER NOW! ***
============================================================
  Group: NBCS2409A  |  24/30 filled  |  6 slot(s) left

  Open this in your browser NOW:
  https://ecr.uitm.edu.my/estudent/ecr/01_cr_register_select.cfm?key1=0C4D2DE8DF88D90BCD&key2=37B2D7C5CBCBDDEA05
============================================================

  Status: ICT600: all full | MAT415: all full | CSP600: 6 slot(s) open!

Done. Script will be re-run by Task Scheduler in 10 min.
============================================================
  UiTM ECR Course Monitor
  Run at     : 2026-04-01 16:54:45
  Student    : 2023630358
  Courses    : ICT600 (NBCS2406A), MAT415 (NBCS2406A), CSP600 (NBCS2409A)
  Headless   : True
============================================================
Navigating to login page...
[OK] Login successful!
  Finding page for ICT600... found.
  [ICT600] Checking slots... all full.
  Finding page for MAT415... found.
  [MAT415] Checking slots... all full.
  Finding page for CSP600... found.
  [CSP600] Checking slots... 1 group(s) available!

============================================================
  *** SLOT AVAILABLE FOR CSP600! GO REGISTER NOW! ***
============================================================
  Group: NBCS2409A  |  24/30 filled  |  6 slot(s) left

  Open this in your browser NOW:
  https://ecr.uitm.edu.my/estudent/ecr/01_cr_register_select.cfm?key1=0C4D2DE8DF88D90BCD&key2=37B2D7C5CBCBDDEA05
============================================================

  Status: ICT600: all full | MAT415: all full | CSP600: 6 slot(s) open!

Done. Script will be re-run by Task Scheduler in 10 min.
============================================================
  UiTM ECR Course Monitor
  Run at     : 2026-04-01 17:04:45
  Student    : 2023630358
  Courses    : ICT600 (NBCS2406A), MAT415 (NBCS2406A), CSP600 (NBCS2409A)
  Headless   : True
============================================================
Navigating to login page...
[OK] Login successful!
  Finding page for ICT600... found.
  [ICT600] Checking slots... all full.
  Finding page for MAT415... found.
  [MAT415] Checking slots... all full.
  Finding page for CSP600... found.
  [CSP600] Checking slots... 1 group(s) available!

============================================================
  *** SLOT AVAILABLE FOR CSP600! GO REGISTER NOW! ***
============================================================
  Group: NBCS2409A  |  24/30 filled  |  6 slot(s) left

  Open this in your browser NOW:
  https://ecr.uitm.edu.my/estudent/ecr/01_cr_register_select.cfm?key1=0C4D2DE8DF88D90BCD&key2=37B2D7C5CBCBDDEA05
============================================================

  Status: ICT600: all full | MAT415: all full | CSP600: 6 slot(s) open!

Done. Script will be re-run by Task Scheduler in 10 min.
============================================================
  UiTM ECR Course Monitor
  Run at     : 2026-04-01 17:14:45
  Student    : 2023630358
  Courses    : ICT600 (NBCS2406A), MAT415 (NBCS2406A), CSP600 (NBCS2409A)
  Headless   : True
============================================================
Navigating to login page...
[OK] Login successful!
  Finding page for ICT600... found.
  [ICT600] Checking slots... all full.
  Finding page for MAT415... found.
  [MAT415] Checking slots... all full.
  Finding page for CSP600... found.
  [CSP600] Checking slots... 1 group(s) available!

============================================================
  *** SLOT AVAILABLE FOR CSP600! GO REGISTER NOW! ***
============================================================
  Group: NBCS2409A  |  24/30 filled  |  6 slot(s) left

  Open this in your browser NOW:
  https://ecr.uitm.edu.my/estudent/ecr/01_cr_register_select.cfm?key1=0C4D2DE8DF88D90BCD&key2=37B2D7C5CBCBDDEA05
============================================================

  Status: ICT600: all full | MAT415: all full | CSP600: 6 slot(s) open!

Done. Script will be re-run by Task Scheduler in 10 min.
============================================================
  UiTM ECR Course Monitor
  Run at     : 2026-04-01 17:24:45
  Student    : 2023630358
  Courses    : ICT600 (NBCS2406A), MAT415 (NBCS2406A), CSP600 (NBCS2409A)
  Headless   : True
============================================================
Navigating to login page...
[OK] Login successful!
  Finding page for ICT600... found.
  [ICT600] Checking slots... all full.
  Finding page for MAT415... found.
  [MAT415] Checking slots... all full.
  Finding page for CSP600... found.
  [CSP600] Checking slots... 1 group(s) available!

============================================================
  *** SLOT AVAILABLE FOR CSP600! GO REGISTER NOW! ***
============================================================
  Group: NBCS2409A  |  24/30 filled  |  6 slot(s) left

  Open this in your browser NOW:
  https://ecr.uitm.edu.my/estudent/ecr/01_cr_register_select.cfm?key1=0C4D2DE8DF88D90BCD&key2=37B2D7C5CBCBDDEA05
============================================================

  Status: ICT600: all full | MAT415: all full | CSP600: 6 slot(s) open!

Done. Script will be re-run by Task Scheduler in 10 min.
============================================================
  UiTM ECR Course Monitor
  Run at     : 2026-04-01 17:34:45
  Student    : 2023630358
  Courses    : ICT600 (NBCS2406A), MAT415 (NBCS2406A), CSP600 (NBCS2409A)
  Headless   : True
============================================================
Navigating to login page...
Traceback (most recent call last):
  File "C:\laragon\www\automation-uitm-course-registration\init.py", line 335, in <module>
    main()
  File "C:\laragon\www\automation-uitm-course-registration\init.py", line 282, in main
    if not login(page):
  File "C:\laragon\www\automation-uitm-course-registration\init.py", line 62, in login
    page.goto(LOGIN_URL, wait_until="networkidle", timeout=30000)
  File "C:\laragon\bin\python\python-3.10\lib\site-packages\playwright\sync_api\_generated.py", line 9054, in goto
    self._sync(
  File "C:\laragon\bin\python\python-3.10\lib\site-packages\playwright\_impl\_sync_base.py", line 115, in _sync
    return task.result()
  File "C:\laragon\bin\python\python-3.10\lib\site-packages\playwright\_impl\_page.py", line 552, in goto
    return await self._main_frame.goto(**locals_to_params(locals()))
  File "C:\laragon\bin\python\python-3.10\lib\site-packages\playwright\_impl\_frame.py", line 153, in goto
    await self._channel.send(
  File "C:\laragon\bin\python\python-3.10\lib\site-packages\playwright\_impl\_connection.py", line 69, in send
    return await self._connection.wrap_api_call(
  File "C:\laragon\bin\python\python-3.10\lib\site-packages\playwright\_impl\_connection.py", line 559, in wrap_api_call
    raise rewrite_error(error, f"{parsed_st['apiName']}: {error}") from None
playwright._impl._errors.Error: Page.goto: net::ERR_NAME_NOT_RESOLVED at https://ecr.uitm.edu.my/estudent/ecr/login.cfm
Call log:
  - navigating to "https://ecr.uitm.edu.my/estudent/ecr/login.cfm", waiting until "networkidle"

============================================================
  UiTM ECR Course Monitor
  Run at     : 2026-04-01 17:44:45
  Student    : 2023630358
  Courses    : ICT600 (NBCS2406A), MAT415 (NBCS2406A), CSP600 (NBCS2409A)
  Headless   : True
============================================================
Navigating to login page...
[OK] Login successful!
  Finding page for ICT600... found.
  [ICT600] Checking slots... all full.
  Finding page for MAT415... found.
  [MAT415] Checking slots... all full.
  Finding page for CSP600... found.
  [CSP600] Checking slots... 1 group(s) available!

============================================================
  *** SLOT AVAILABLE FOR CSP600! GO REGISTER NOW! ***
============================================================
  Group: NBCS2409A  |  24/30 filled  |  6 slot(s) left

  Open this in your browser NOW:
  https://ecr.uitm.edu.my/estudent/ecr/01_cr_register_select.cfm?key1=0C4D2DE8DF88D90BCD&key2=37B2D7C5CBCBDDEA05
============================================================

  Status: ICT600: all full | MAT415: all full | CSP600: 6 slot(s) open!

Done. Script will be re-run by Task Scheduler in 10 min.
============================================================
  UiTM ECR Course Monitor
  Run at     : 2026-04-01 17:54:45
  Student    : 2023630358
  Courses    : ICT600 (NBCS2406A), MAT415 (NBCS2406A), CSP600 (NBCS2409A)
  Headless   : True
============================================================
Navigating to login page...
[OK] Login successful!
  Finding page for ICT600... found.
  [ICT600] Checking slots... all full.
  Finding page for MAT415... found.
  [MAT415] Checking slots... all full.
  Finding page for CSP600... found.
  [CSP600] Checking slots... 1 group(s) available!

============================================================
  *** SLOT AVAILABLE FOR CSP600! GO REGISTER NOW! ***
============================================================
  Group: NBCS2409A  |  24/30 filled  |  6 slot(s) left

  Open this in your browser NOW:
  https://ecr.uitm.edu.my/estudent/ecr/01_cr_register_select.cfm?key1=0C4D2DE8DF88D90BCD&key2=37B2D7C5CBCBDDEA05
============================================================

  Status: ICT600: all full | MAT415: all full | CSP600: 6 slot(s) open!

Done. Script will be re-run by Task Scheduler in 10 min.
============================================================
  UiTM ECR Course Monitor
  Run at     : 2026-04-01 18:04:45
  Student    : 2023630358
  Courses    : ICT600 (NBCS2406A), MAT415 (NBCS2406A), CSP600 (NBCS2409A)
  Headless   : True
============================================================
Navigating to login page...
[OK] Login successful!
  Finding page for ICT600... found.
  [ICT600] Checking slots... all full.
  Finding page for MAT415... found.
  [MAT415] Checking slots... all full.
  Finding page for CSP600... found.
  [CSP600] Checking slots... 1 group(s) available!

============================================================
  *** SLOT AVAILABLE FOR CSP600! GO REGISTER NOW! ***
============================================================
  Group: NBCS2409A  |  24/30 filled  |  6 slot(s) left

  Open this in your browser NOW:
  https://ecr.uitm.edu.my/estudent/ecr/01_cr_register_select.cfm?key1=0C4D2DE8DF88D90BCD&key2=37B2D7C5CBCBDDEA05
============================================================

  Status: ICT600: all full | MAT415: all full | CSP600: 6 slot(s) open!

Done. Script will be re-run by Task Scheduler in 10 min.
============================================================
  UiTM ECR Course Monitor
  Run at     : 2026-04-01 18:14:45
  Student    : 2023630358
  Courses    : ICT600 (NBCS2406A), MAT415 (NBCS2406A), CSP600 (NBCS2409A)
  Headless   : True
============================================================
Navigating to login page...
[OK] Login successful!
  Finding page for ICT600... found.
  [ICT600] Checking slots... all full.
  Finding page for MAT415... found.
  [MAT415] Checking slots... all full.
  Finding page for CSP600... found.
  [CSP600] Checking slots... 1 group(s) available!

============================================================
  *** SLOT AVAILABLE FOR CSP600! GO REGISTER NOW! ***
============================================================
  Group: NBCS2409A  |  24/30 filled  |  6 slot(s) left

  Open this in your browser NOW:
  https://ecr.uitm.edu.my/estudent/ecr/01_cr_register_select.cfm?key1=0C4D2DE8DF88D90BCD&key2=37B2D7C5CBCBDDEA05
============================================================

  Status: ICT600: all full | MAT415: all full | CSP600: 6 slot(s) open!

Done. Script will be re-run by Task Scheduler in 10 min.
============================================================
  UiTM ECR Course Monitor
  Run at     : 2026-04-01 18:24:45
  Student    : 2023630358
  Courses    : ICT600 (NBCS2406A), MAT415 (NBCS2406A), CSP600 (NBCS2409A)
  Headless   : True
============================================================
Navigating to login page...
[OK] Login successful!
  Finding page for ICT600... found.
  [ICT600] Checking slots... all full.
  Finding page for MAT415... found.
  [MAT415] Checking slots... all full.
  Finding page for CSP600... found.
  [CSP600] Checking slots... 1 group(s) available!

============================================================
  *** SLOT AVAILABLE FOR CSP600! GO REGISTER NOW! ***
============================================================
  Group: NBCS2409A  |  24/30 filled  |  6 slot(s) left

  Open this in your browser NOW:
  https://ecr.uitm.edu.my/estudent/ecr/01_cr_register_select.cfm?key1=0C4D2DE8DF88D90BCD&key2=37B2D7C5CBCBDDEA05
============================================================

  Status: ICT600: all full | MAT415: all full | CSP600: 6 slot(s) open!

Done. Script will be re-run by Task Scheduler in 10 min.
============================================================
  UiTM ECR Course Monitor
  Run at     : 2026-04-01 18:34:45
  Student    : 2023630358
  Courses    : ICT600 (NBCS2406A), MAT415 (NBCS2406A), CSP600 (NBCS2409A)
  Headless   : True
============================================================
Navigating to login page...
[OK] Login successful!
  Finding page for ICT600... found.
  [ICT600] Checking slots... all full.
  Finding page for MAT415... found.
  [MAT415] Checking slots... all full.
  Finding page for CSP600... found.
  [CSP600] Checking slots... 1 group(s) available!

============================================================
  *** SLOT AVAILABLE FOR CSP600! GO REGISTER NOW! ***
============================================================
  Group: NBCS2409A  |  24/30 filled  |  6 slot(s) left

  Open this in your browser NOW:
  https://ecr.uitm.edu.my/estudent/ecr/01_cr_register_select.cfm?key1=0C4D2DE8DF88D90BCD&key2=37B2D7C5CBCBDDEA05
============================================================

  Status: ICT600: all full | MAT415: all full | CSP600: 6 slot(s) open!

Done. Script will be re-run by Task Scheduler in 10 min.
============================================================
  UiTM ECR Course Monitor
  Run at     : 2026-04-01 18:44:45
  Student    : 2023630358
  Courses    : ICT600 (NBCS2406A), MAT415 (NBCS2406A), CSP600 (NBCS2409A)
  Headless   : True
============================================================
Navigating to login page...
[OK] Login successful!
  Finding page for ICT600... found.
  [ICT600] Checking slots... all full.
  Finding page for MAT415... found.
  [MAT415] Checking slots... all full.
  Finding page for CSP600... found.
  [CSP600] Checking slots... 1 group(s) available!

============================================================
  *** SLOT AVAILABLE FOR CSP600! GO REGISTER NOW! ***
============================================================
  Group: NBCS2409A  |  24/30 filled  |  6 slot(s) left

  Open this in your browser NOW:
  https://ecr.uitm.edu.my/estudent/ecr/01_cr_register_select.cfm?key1=0C4D2DE8DF88D90BCD&key2=37B2D7C5CBCBDDEA05
============================================================

  Status: ICT600: all full | MAT415: all full | CSP600: 6 slot(s) open!

Done. Script will be re-run by Task Scheduler in 10 min.
